  [1m[36m (1.4ms)[0m  [1mCREATE TABLE "schema_migrations" ("version" varchar(255) NOT NULL) [0m
  [1m[35m (0.9ms)[0m  CREATE UNIQUE INDEX "unique_schema_migrations" ON "schema_migrations" ("version")
  [1m[36mActiveRecord::SchemaMigration Load (0.2ms)[0m  [1mSELECT "schema_migrations".* FROM "schema_migrations"[0m
Migrating to DeviseCreateUsers (20131105225418)
  [1m[35m (0.1ms)[0m  begin transaction
  [1m[36m (0.6ms)[0m  [1mCREATE TABLE "users" ("id" INTEGER PRIMARY KEY AUTOINCREMENT NOT NULL, "email" varchar(255) DEFAULT '' NOT NULL, "encrypted_password" varchar(255) DEFAULT '' NOT NULL, "reset_password_token" varchar(255), "reset_password_sent_at" datetime, "remember_created_at" datetime, "sign_in_count" integer DEFAULT 0 NOT NULL, "current_sign_in_at" datetime, "last_sign_in_at" datetime, "current_sign_in_ip" varchar(255), "last_sign_in_ip" varchar(255), "created_at" datetime, "updated_at" datetime) [0m
  [1m[35m (1.3ms)[0m  CREATE UNIQUE INDEX "index_users_on_email" ON "users" ("email")
  [1m[36m (0.2ms)[0m  [1mCREATE UNIQUE INDEX "index_users_on_reset_password_token" ON "users" ("reset_password_token")[0m
  [1m[35mSQL (0.2ms)[0m  INSERT INTO "schema_migrations" ("version") VALUES (?)  [["version", "20131105225418"]]
  [1m[36m (1.2ms)[0m  [1mcommit transaction[0m
Migrating to AddNameToUsers (20131105225421)
  [1m[35m (0.1ms)[0m  begin transaction
  [1m[36m (0.5ms)[0m  [1mALTER TABLE "users" ADD "name" varchar(255)[0m
  [1m[35mSQL (0.2ms)[0m  INSERT INTO "schema_migrations" ("version") VALUES (?)  [["version", "20131105225421"]]
  [1m[36m (0.8ms)[0m  [1mcommit transaction[0m
Migrating to AddConfirmableToUsers (20131105225424)
  [1m[35m (0.1ms)[0m  begin transaction
  [1m[36m (0.6ms)[0m  [1mALTER TABLE "users" ADD "confirmation_token" varchar(255)[0m
  [1m[35m (0.3ms)[0m  ALTER TABLE "users" ADD "confirmed_at" datetime
  [1m[36m (0.2ms)[0m  [1mALTER TABLE "users" ADD "confirmation_sent_at" datetime[0m
  [1m[35m (0.2ms)[0m  ALTER TABLE "users" ADD "unconfirmed_email" varchar(255)
  [1m[36mSQL (0.2ms)[0m  [1mINSERT INTO "schema_migrations" ("version") VALUES (?)[0m  [["version", "20131105225424"]]
  [1m[35m (0.9ms)[0m  commit transaction
Migrating to RolifyCreateRoles (20131105225431)
  [1m[36m (0.1ms)[0m  [1mbegin transaction[0m
  [1m[35m (0.4ms)[0m  CREATE TABLE "roles" ("id" INTEGER PRIMARY KEY AUTOINCREMENT NOT NULL, "name" varchar(255), "resource_id" integer, "resource_type" varchar(255), "created_at" datetime, "updated_at" datetime) 
  [1m[36m (0.1ms)[0m  [1mCREATE TABLE "users_roles" ("user_id" integer, "role_id" integer) [0m
  [1m[35m (0.1ms)[0m  CREATE INDEX "index_roles_on_name" ON "roles" ("name")
  [1m[36m (0.1ms)[0m  [1mCREATE INDEX "index_roles_on_name_and_resource_type_and_resource_id" ON "roles" ("name", "resource_type", "resource_id")[0m
  [1m[35m (0.1ms)[0m  CREATE INDEX "index_users_roles_on_user_id_and_role_id" ON "users_roles" ("user_id", "role_id")
  [1m[36mSQL (0.2ms)[0m  [1mINSERT INTO "schema_migrations" ("version") VALUES (?)[0m  [["version", "20131105225431"]]
  [1m[35m (1.1ms)[0m  commit transaction
  [1m[36mActiveRecord::SchemaMigration Load (0.1ms)[0m  [1mSELECT "schema_migrations".* FROM "schema_migrations"[0m
  [1m[36mActiveRecord::SchemaMigration Load (0.1ms)[0m  [1mSELECT "schema_migrations".* FROM "schema_migrations"[0m
Migrating to DeviseInvitableAddToUsers (20131105225503)
  [1m[35m (0.1ms)[0m  begin transaction
  [1m[36m (0.6ms)[0m  [1mALTER TABLE "users" ADD "invitation_token" varchar(255)[0m
  [1m[35m (0.2ms)[0m  ALTER TABLE "users" ADD "invitation_created_at" datetime
  [1m[36m (0.2ms)[0m  [1mALTER TABLE "users" ADD "invitation_sent_at" datetime[0m
  [1m[35m (0.2ms)[0m  ALTER TABLE "users" ADD "invitation_accepted_at" datetime
  [1m[36m (0.2ms)[0m  [1mALTER TABLE "users" ADD "invitation_limit" integer[0m
  [1m[35m (0.2ms)[0m  ALTER TABLE "users" ADD "invited_by_id" integer
  [1m[36m (0.2ms)[0m  [1mALTER TABLE "users" ADD "invited_by_type" varchar(255)[0m
  [1m[35m (1.1ms)[0m  CREATE UNIQUE INDEX "index_users_on_invitation_token" ON "users" ("invitation_token")
  [1m[36m (0.1ms)[0m  [1mCREATE INDEX "index_users_on_invited_by_id" ON "users" ("invited_by_id")[0m
  [1m[35m (0.5ms)[0m  CREATE TEMPORARY TABLE "ausers" ("id" INTEGER PRIMARY KEY AUTOINCREMENT NOT NULL, "email" varchar(255) DEFAULT '' NOT NULL, "encrypted_password" varchar(255) DEFAULT '' NOT NULL, "reset_password_token" varchar(255), "reset_password_sent_at" datetime, "remember_created_at" datetime, "sign_in_count" integer DEFAULT 0 NOT NULL, "current_sign_in_at" datetime, "last_sign_in_at" datetime, "current_sign_in_ip" varchar(255), "last_sign_in_ip" varchar(255), "created_at" datetime, "updated_at" datetime, "name" varchar(255), "confirmation_token" varchar(255), "confirmed_at" datetime, "confirmation_sent_at" datetime, "unconfirmed_email" varchar(255), "invitation_token" varchar(255), "invitation_created_at" datetime, "invitation_sent_at" datetime, "invitation_accepted_at" datetime, "invitation_limit" integer, "invited_by_id" integer, "invited_by_type" varchar(255)) 
  [1m[36m (0.1ms)[0m  [1mCREATE INDEX "tindex_ausers_on_invited_by_id" ON "ausers" ("invited_by_id")[0m
  [1m[35m (0.3ms)[0m  CREATE UNIQUE INDEX "tindex_ausers_on_invitation_token" ON "ausers" ("invitation_token")
  [1m[36m (0.1ms)[0m  [1mCREATE UNIQUE INDEX "tindex_ausers_on_reset_password_token" ON "ausers" ("reset_password_token")[0m
  [1m[35m (0.1ms)[0m  CREATE UNIQUE INDEX "tindex_ausers_on_email" ON "ausers" ("email")
  [1m[36m (0.1ms)[0m  [1mSELECT * FROM "users"[0m
  [1m[35m (0.3ms)[0m  DROP TABLE "users"
  [1m[36m (0.2ms)[0m  [1mCREATE TABLE "users" ("id" INTEGER PRIMARY KEY AUTOINCREMENT NOT NULL, "email" varchar(255) DEFAULT '' NOT NULL, "encrypted_password" varchar(255) DEFAULT '', "reset_password_token" varchar(255), "reset_password_sent_at" datetime, "remember_created_at" datetime, "sign_in_count" integer DEFAULT 0 NOT NULL, "current_sign_in_at" datetime, "last_sign_in_at" datetime, "current_sign_in_ip" varchar(255), "last_sign_in_ip" varchar(255), "created_at" datetime, "updated_at" datetime, "name" varchar(255), "confirmation_token" varchar(255), "confirmed_at" datetime, "confirmation_sent_at" datetime, "unconfirmed_email" varchar(255), "invitation_token" varchar(255), "invitation_created_at" datetime, "invitation_sent_at" datetime, "invitation_accepted_at" datetime, "invitation_limit" integer, "invited_by_id" integer, "invited_by_type" varchar(255)) [0m
  [1m[35m (0.1ms)[0m  CREATE UNIQUE INDEX "index_users_on_email" ON "users" ("email")
  [1m[36m (0.1ms)[0m  [1mCREATE UNIQUE INDEX "index_users_on_reset_password_token" ON "users" ("reset_password_token")[0m
  [1m[35m (0.4ms)[0m  CREATE UNIQUE INDEX "index_users_on_invitation_token" ON "users" ("invitation_token")
  [1m[36m (0.2ms)[0m  [1mCREATE INDEX "index_users_on_invited_by_id" ON "users" ("invited_by_id")[0m
  [1m[35m (0.1ms)[0m  SELECT * FROM "ausers"
  [1m[36m (0.4ms)[0m  [1mDROP TABLE "ausers"[0m
  [1m[35mSQL (0.3ms)[0m  INSERT INTO "schema_migrations" ("version") VALUES (?)  [["version", "20131105225503"]]
  [1m[36m (2.7ms)[0m  [1mcommit transaction[0m
  [1m[35mActiveRecord::SchemaMigration Load (0.1ms)[0m  SELECT "schema_migrations".* FROM "schema_migrations"
  [1m[36m (1.7ms)[0m  [1mCREATE TABLE "roles" ("id" INTEGER PRIMARY KEY AUTOINCREMENT NOT NULL, "name" varchar(255), "resource_id" integer, "resource_type" varchar(255), "created_at" datetime, "updated_at" datetime) [0m
  [1m[35m (1.3ms)[0m  CREATE INDEX "index_roles_on_name_and_resource_type_and_resource_id" ON "roles" ("name", "resource_type", "resource_id")
  [1m[36m (1.1ms)[0m  [1mCREATE INDEX "index_roles_on_name" ON "roles" ("name")[0m
  [1m[35m (1.4ms)[0m  CREATE TABLE "users" ("id" INTEGER PRIMARY KEY AUTOINCREMENT NOT NULL, "email" varchar(255) DEFAULT '' NOT NULL, "encrypted_password" varchar(255) DEFAULT '', "reset_password_token" varchar(255), "reset_password_sent_at" datetime, "remember_created_at" datetime, "sign_in_count" integer DEFAULT 0 NOT NULL, "current_sign_in_at" datetime, "last_sign_in_at" datetime, "current_sign_in_ip" varchar(255), "last_sign_in_ip" varchar(255), "created_at" datetime, "updated_at" datetime, "name" varchar(255), "confirmation_token" varchar(255), "confirmed_at" datetime, "confirmation_sent_at" datetime, "unconfirmed_email" varchar(255), "invitation_token" varchar(255), "invitation_created_at" datetime, "invitation_sent_at" datetime, "invitation_accepted_at" datetime, "invitation_limit" integer, "invited_by_id" integer, "invited_by_type" varchar(255)) 
  [1m[36m (1.0ms)[0m  [1mCREATE UNIQUE INDEX "index_users_on_email" ON "users" ("email")[0m
  [1m[35m (2.3ms)[0m  CREATE UNIQUE INDEX "index_users_on_invitation_token" ON "users" ("invitation_token")
  [1m[36m (1.3ms)[0m  [1mCREATE INDEX "index_users_on_invited_by_id" ON "users" ("invited_by_id")[0m
  [1m[35m (1.1ms)[0m  CREATE UNIQUE INDEX "index_users_on_reset_password_token" ON "users" ("reset_password_token")
  [1m[36m (1.1ms)[0m  [1mCREATE TABLE "users_roles" ("user_id" integer, "role_id" integer) [0m
  [1m[35m (1.0ms)[0m  CREATE INDEX "index_users_roles_on_user_id_and_role_id" ON "users_roles" ("user_id", "role_id")
  [1m[36m (1.2ms)[0m  [1mCREATE TABLE "schema_migrations" ("version" varchar(255) NOT NULL) [0m
  [1m[35m (2.1ms)[0m  CREATE UNIQUE INDEX "unique_schema_migrations" ON "schema_migrations" ("version")
  [1m[36m (0.1ms)[0m  [1mSELECT version FROM "schema_migrations"[0m
  [1m[35m (1.3ms)[0m  INSERT INTO "schema_migrations" (version) VALUES ('20131105225503')
  [1m[36m (1.3ms)[0m  [1mINSERT INTO "schema_migrations" (version) VALUES ('20131105225418')[0m
  [1m[35m (1.3ms)[0m  INSERT INTO "schema_migrations" (version) VALUES ('20131105225421')
  [1m[36m (1.1ms)[0m  [1mINSERT INTO "schema_migrations" (version) VALUES ('20131105225424')[0m
  [1m[35m (1.6ms)[0m  INSERT INTO "schema_migrations" (version) VALUES ('20131105225431')
  [1m[36mActiveRecord::SchemaMigration Load (0.2ms)[0m  [1mSELECT "schema_migrations".* FROM "schema_migrations"[0m
DEPRECATION WARNING: This dynamic method is deprecated. Please use e.g. Post.find_or_create_by(name: 'foo') instead. (called from block in <top (required)> at /Users/dor/workspace/bootscrum/db/seeds.rb:12)
  [1m[35mRole Load (0.2ms)[0m  SELECT "roles".* FROM "roles" WHERE "roles"."name" = 'admin' ORDER BY "roles"."id" ASC LIMIT 1
  [1m[36m (0.1ms)[0m  [1mbegin transaction[0m
  [1m[35mSQL (3.2ms)[0m  INSERT INTO "roles" ("created_at", "name", "updated_at") VALUES (?, ?, ?)  [["created_at", Tue, 05 Nov 2013 22:55:16 UTC +00:00], ["name", "admin"], ["updated_at", Tue, 05 Nov 2013 22:55:16 UTC +00:00]]
  [1m[36m (2.5ms)[0m  [1mcommit transaction[0m
DEPRECATION WARNING: This dynamic method is deprecated. Please use e.g. Post.find_or_create_by(name: 'foo') instead. (called from block in <top (required)> at /Users/dor/workspace/bootscrum/db/seeds.rb:12)
  [1m[35mRole Load (0.2ms)[0m  SELECT "roles".* FROM "roles" WHERE "roles"."name" = 'user' ORDER BY "roles"."id" ASC LIMIT 1
  [1m[36m (0.1ms)[0m  [1mbegin transaction[0m
  [1m[35mSQL (0.4ms)[0m  INSERT INTO "roles" ("created_at", "name", "updated_at") VALUES (?, ?, ?)  [["created_at", Tue, 05 Nov 2013 22:55:16 UTC +00:00], ["name", "user"], ["updated_at", Tue, 05 Nov 2013 22:55:16 UTC +00:00]]
  [1m[36m (1.7ms)[0m  [1mcommit transaction[0m
DEPRECATION WARNING: This dynamic method is deprecated. Please use e.g. Post.find_or_create_by(name: 'foo') instead. (called from block in <top (required)> at /Users/dor/workspace/bootscrum/db/seeds.rb:12)
  [1m[35mRole Load (0.2ms)[0m  SELECT "roles".* FROM "roles" WHERE "roles"."name" = 'VIP' ORDER BY "roles"."id" ASC LIMIT 1
  [1m[36m (0.1ms)[0m  [1mbegin transaction[0m
  [1m[35mSQL (0.3ms)[0m  INSERT INTO "roles" ("created_at", "name", "updated_at") VALUES (?, ?, ?)  [["created_at", Tue, 05 Nov 2013 22:55:16 UTC +00:00], ["name", "VIP"], ["updated_at", Tue, 05 Nov 2013 22:55:16 UTC +00:00]]
  [1m[36m (1.6ms)[0m  [1mcommit transaction[0m
DEPRECATION WARNING: This dynamic method is deprecated. Please use e.g. Post.find_or_create_by(name: 'foo') instead. (called from <top (required)> at /Users/dor/workspace/bootscrum/db/seeds.rb:16)
  [1m[35mUser Load (0.2ms)[0m  SELECT "users".* FROM "users" WHERE "users"."email" = 'user@example.com' ORDER BY "users"."id" ASC LIMIT 1
  [1m[36m (0.1ms)[0m  [1mbegin transaction[0m
  [1m[35mUser Exists (0.2ms)[0m  SELECT 1 AS one FROM "users" WHERE "users"."email" = 'user@example.com' LIMIT 1
  [1m[36mUser Load (0.2ms)[0m  [1mSELECT "users".* FROM "users" WHERE "users"."confirmation_token" = 'e39b45ad89afba233d8ded42ebad020733fb8f432de2e7bff15e4cf03bd46c43' LIMIT 1[0m
Binary data inserted for `string` type on column `confirmation_token`
Binary data inserted for `string` type on column `encrypted_password`
  [1m[35mSQL (0.8ms)[0m  INSERT INTO "users" ("confirmation_sent_at", "confirmation_token", "created_at", "email", "encrypted_password", "name", "updated_at") VALUES (?, ?, ?, ?, ?, ?, ?)  [["confirmation_sent_at", Tue, 05 Nov 2013 22:55:17 UTC +00:00], ["confirmation_token", "e39b45ad89afba233d8ded42ebad020733fb8f432de2e7bff15e4cf03bd46c43"], ["created_at", Tue, 05 Nov 2013 22:55:17 UTC +00:00], ["email", "user@example.com"], ["encrypted_password", "$2a$10$eJGrr3jOQlw03YlpAZdtsOEk7M1zcfCG0XrRe4fSgFqfHrIL9ZXqW"], ["name", "First User"], ["updated_at", Tue, 05 Nov 2013 22:55:17 UTC +00:00]]
  Rendered /Users/dor/.rvm/gems/ruby-2.0.0-p247@bootscrum/gems/devise-3.1.1/app/views/devise/mailer/confirmation_instructions.html.erb (8.8ms)
  [1m[36m (0.7ms)[0m  [1mrollback transaction[0m
